<?xml version="1.0" encoding="UTF-8"?>
<!-- Generated by org.testng.reporters.JUnitReportReporter -->
<testsuite hostname="DESKTOP-MPU386I" failures="0" tests="8" name="webdriver.Topic_02_Selenium_Locator" time="12.552" errors="0" timestamp="21 Dec 2022 16:14:55 GMT" skipped="0">
  <testcase classname="webdriver.Topic_02_Selenium_Locator" name="TC_07_LinkText" time="0.101"/>
  <testcase classname="webdriver.Topic_02_Selenium_Locator" name="TC_03_TagName" time="0.030"/>
  <testcase classname="webdriver.Topic_02_Selenium_Locator" name="TC_02_Class" time="0.103"/>
  <testcase classname="webdriver.Topic_02_Selenium_Locator" name="TC_06_css" time="3.817"/>
  <testcase classname="webdriver.Topic_02_Selenium_Locator" name="TC_01_ID" time="2.771"/>
  <testcase classname="webdriver.Topic_02_Selenium_Locator" name="TC_04_LinkText" time="3.640"/>
  <testcase classname="webdriver.Topic_02_Selenium_Locator" name="TC_05_PartialLinkText" time="2.047"/>
  <testcase classname="webdriver.Topic_02_Selenium_Locator" name="TC_08_Namet" time="0.043"/>
</testsuite> <!-- webdriver.Topic_02_Selenium_Locator -->
