<?xml version="1.0" encoding="UTF-8"?>
<!-- Generated by org.testng.reporters.JUnitReportReporter -->
<testsuite hostname="DESKTOP-MPU386I" failures="0" tests="3" name="webdriver.Topic_01_Check_Environment" time="0.129" errors="0" timestamp="28 Nov 2022 09:20:08 GMT" skipped="0">
  <testcase classname="webdriver.Topic_01_Check_Environment" name="TC_02_ValidatePageTitle" time="0.010"/>
  <testcase classname="webdriver.Topic_01_Check_Environment" name="TC_01_ValidateCurrentUrl" time="0.020"/>
  <testcase classname="webdriver.Topic_01_Check_Environment" name="TC_03_LoginFormDisplayed" time="0.099"/>
</testsuite> <!-- webdriver.Topic_01_Check_Environment -->
